# Logfile created on Sat May 08 00:09:19 -0500 2010/!\ FAILSAFE /!\  Sat May 08 00:20:18 -0500 2010
  Status: 500 Internal Server Error
  Can't connect to local MySQL server through socket '/var/lib/mysql/mysql.sock' (2)
    /usr/local/app/ecne/ecne/vendor/rails/activerecord/lib/active_record/connection_adapters/mysql_adapter.rb:589:in `real_connect'
    /usr/local/app/ecne/ecne/vendor/rails/activerecord/lib/active_record/connection_adapters/mysql_adapter.rb:589:in `connect'
    /usr/local/app/ecne/ecne/vendor/rails/activerecord/lib/active_record/connection_adapters/mysql_adapter.rb:203:in `initialize'
    /usr/local/app/ecne/ecne/vendor/rails/activerecord/lib/active_record/connection_adapters/mysql_adapter.rb:75:in `new'
    /usr/local/app/ecne/ecne/vendor/rails/activerecord/lib/active_record/connection_adapters/mysql_adapter.rb:75:in `mysql_connection'
    /usr/local/app/ecne/ecne/vendor/rails/activerecord/lib/active_record/connection_adapters/abstract/connection_pool.rb:223:in `send'
    /usr/local/app/ecne/ecne/vendor/rails/activerecord/lib/active_record/connection_adapters/abstract/connection_pool.rb:223:in `new_connection'
    /usr/local/app/ecne/ecne/vendor/rails/activerecord/lib/active_record/connection_adapters/abstract/connection_pool.rb:245:in `checkout_new_connection'
    /usr/local/app/ecne/ecne/vendor/rails/activerecord/lib/active_record/connection_adapters/abstract/connection_pool.rb:188:in `checkout'
    /usr/local/app/ecne/ecne/vendor/rails/activerecord/lib/active_record/connection_adapters/abstract/connection_pool.rb:184:in `loop'
    /usr/local/app/ecne/ecne/vendor/rails/activerecord/lib/active_record/connection_adapters/abstract/connection_pool.rb:184:in `checkout'
    /usr/lib/ruby/1.8/monitor.rb:242:in `synchronize'
    /usr/local/app/ecne/ecne/vendor/rails/activerecord/lib/active_record/connection_adapters/abstract/connection_pool.rb:183:in `checkout'
    /usr/local/app/ecne/ecne/vendor/rails/activerecord/lib/active_record/connection_adapters/abstract/connection_pool.rb:98:in `connection'
    /usr/local/app/ecne/ecne/vendor/rails/activerecord/lib/active_record/connection_adapters/abstract/connection_pool.rb:326:in `retrieve_connection'
    /usr/local/app/ecne/ecne/vendor/rails/activerecord/lib/active_record/connection_adapters/abstract/connection_specification.rb:123:in `retrieve_connection'
    /usr/local/app/ecne/ecne/vendor/rails/activerecord/lib/active_record/connection_adapters/abstract/connection_specification.rb:115:in `connection'
    /usr/local/app/ecne/ecne/vendor/rails/activerecord/lib/active_record/query_cache.rb:9:in `cache'
    /usr/local/app/ecne/ecne/vendor/rails/activerecord/lib/active_record/query_cache.rb:28:in `call'
    /usr/local/app/ecne/ecne/vendor/rails/activerecord/lib/active_record/connection_adapters/abstract/connection_pool.rb:361:in `call'
    /usr/local/app/ecne/ecne/vendor/rails/actionpack/lib/action_controller/string_coercion.rb:25:in `call'
    /usr/lib/ruby/gems/1.8/gems/rack-1.0.1/lib/rack/head.rb:9:in `call'
    /usr/lib/ruby/gems/1.8/gems/rack-1.0.1/lib/rack/methodoverride.rb:24:in `call'
    /usr/local/app/ecne/ecne/vendor/rails/actionpack/lib/action_controller/params_parser.rb:15:in `call'
    /usr/local/app/ecne/ecne/vendor/rails/actionpack/lib/action_controller/session/cookie_store.rb:93:in `call'
    /usr/local/app/ecne/ecne/vendor/rails/actionpack/lib/action_controller/failsafe.rb:26:in `call'
    /usr/lib/ruby/gems/1.8/gems/rack-1.0.1/lib/rack/lock.rb:11:in `call'
    /usr/lib/ruby/gems/1.8/gems/rack-1.0.1/lib/rack/lock.rb:11:in `synchronize'
    /usr/lib/ruby/gems/1.8/gems/rack-1.0.1/lib/rack/lock.rb:11:in `call'
    /usr/local/app/ecne/ecne/vendor/rails/actionpack/lib/action_controller/dispatcher.rb:114:in `call'
    /usr/local/app/ecne/ecne/vendor/rails/actionpack/lib/action_controller/reloader.rb:34:in `run'
    /usr/local/app/ecne/ecne/vendor/rails/actionpack/lib/action_controller/dispatcher.rb:108:in `call'
    /usr/local/app/ecne/ecne/vendor/rails/railties/lib/rails/rack/static.rb:31:in `call'
    /usr/lib/ruby/gems/1.8/gems/rack-1.0.1/lib/rack/urlmap.rb:46:in `call'
    /usr/lib/ruby/gems/1.8/gems/rack-1.0.1/lib/rack/urlmap.rb:40:in `each'
    /usr/lib/ruby/gems/1.8/gems/rack-1.0.1/lib/rack/urlmap.rb:40:in `call'
    /usr/local/app/ecne/ecne/vendor/rails/railties/lib/rails/rack/log_tailer.rb:17:in `call'
    /usr/lib/ruby/gems/1.8/gems/rack-1.0.1/lib/rack/content_length.rb:13:in `call'
    /usr/lib/ruby/gems/1.8/gems/rack-1.0.1/lib/rack/handler/webrick.rb:50:in `service'
    /usr/lib/ruby/1.8/webrick/httpserver.rb:104:in `service'
    /usr/lib/ruby/1.8/webrick/httpserver.rb:65:in `run'
    /usr/lib/ruby/1.8/webrick/server.rb:173:in `start_thread'
    /usr/lib/ruby/1.8/webrick/server.rb:162:in `start'
    /usr/lib/ruby/1.8/webrick/server.rb:162:in `start_thread'
    /usr/lib/ruby/1.8/webrick/server.rb:95:in `start'
    /usr/lib/ruby/1.8/webrick/server.rb:92:in `each'
    /usr/lib/ruby/1.8/webrick/server.rb:92:in `start'
    /usr/lib/ruby/1.8/webrick/server.rb:23:in `start'
    /usr/lib/ruby/1.8/webrick/server.rb:82:in `start'
    /usr/lib/ruby/gems/1.8/gems/rack-1.0.1/lib/rack/handler/webrick.rb:14:in `run'
    /usr/local/app/ecne/ecne/vendor/rails/railties/lib/commands/server.rb:111
    /usr/lib/ruby/site_ruby/1.8/rubygems/custom_require.rb:31:in `gem_original_require'
    /usr/lib/ruby/site_ruby/1.8/rubygems/custom_require.rb:31:in `require'
    script/server:3
/!\ FAILSAFE /!\  Sat May 08 00:20:28 -0500 2010
  Status: 500 Internal Server Error
  Can't connect to local MySQL server through socket '/var/lib/mysql/mysql.sock' (2)
    /usr/local/app/ecne/ecne/vendor/rails/activerecord/lib/active_record/connection_adapters/mysql_adapter.rb:589:in `real_connect'
    /usr/local/app/ecne/ecne/vendor/rails/activerecord/lib/active_record/connection_adapters/mysql_adapter.rb:589:in `connect'
    /usr/local/app/ecne/ecne/vendor/rails/activerecord/lib/active_record/connection_adapters/mysql_adapter.rb:203:in `initialize'
    /usr/local/app/ecne/ecne/vendor/rails/activerecord/lib/active_record/connection_adapters/mysql_adapter.rb:75:in `new'
    /usr/local/app/ecne/ecne/vendor/rails/activerecord/lib/active_record/connection_adapters/mysql_adapter.rb:75:in `mysql_connection'
    /usr/local/app/ecne/ecne/vendor/rails/activerecord/lib/active_record/connection_adapters/abstract/connection_pool.rb:223:in `send'
    /usr/local/app/ecne/ecne/vendor/rails/activerecord/lib/active_record/connection_adapters/abstract/connection_pool.rb:223:in `new_connection'
    /usr/local/app/ecne/ecne/vendor/rails/activerecord/lib/active_record/connection_adapters/abstract/connection_pool.rb:245:in `checkout_new_connection'
    /usr/local/app/ecne/ecne/vendor/rails/activerecord/lib/active_record/connection_adapters/abstract/connection_pool.rb:188:in `checkout'
    /usr/local/app/ecne/ecne/vendor/rails/activerecord/lib/active_record/connection_adapters/abstract/connection_pool.rb:184:in `loop'
    /usr/local/app/ecne/ecne/vendor/rails/activerecord/lib/active_record/connection_adapters/abstract/connection_pool.rb:184:in `checkout'
    /usr/lib/ruby/1.8/monitor.rb:242:in `synchronize'
    /usr/local/app/ecne/ecne/vendor/rails/activerecord/lib/active_record/connection_adapters/abstract/connection_pool.rb:183:in `checkout'
    /usr/local/app/ecne/ecne/vendor/rails/activerecord/lib/active_record/connection_adapters/abstract/connection_pool.rb:98:in `connection'
    /usr/local/app/ecne/ecne/vendor/rails/activerecord/lib/active_record/connection_adapters/abstract/connection_pool.rb:326:in `retrieve_connection'
    /usr/local/app/ecne/ecne/vendor/rails/activerecord/lib/active_record/connection_adapters/abstract/connection_specification.rb:123:in `retrieve_connection'
    /usr/local/app/ecne/ecne/vendor/rails/activerecord/lib/active_record/connection_adapters/abstract/connection_specification.rb:115:in `connection'
    /usr/local/app/ecne/ecne/vendor/rails/activerecord/lib/active_record/query_cache.rb:9:in `cache'
    /usr/local/app/ecne/ecne/vendor/rails/activerecord/lib/active_record/query_cache.rb:28:in `call'
    /usr/local/app/ecne/ecne/vendor/rails/activerecord/lib/active_record/connection_adapters/abstract/connection_pool.rb:361:in `call'
    /usr/local/app/ecne/ecne/vendor/rails/actionpack/lib/action_controller/string_coercion.rb:25:in `call'
    /usr/lib/ruby/gems/1.8/gems/rack-1.0.1/lib/rack/head.rb:9:in `call'
    /usr/lib/ruby/gems/1.8/gems/rack-1.0.1/lib/rack/methodoverride.rb:24:in `call'
    /usr/local/app/ecne/ecne/vendor/rails/actionpack/lib/action_controller/params_parser.rb:15:in `call'
    /usr/local/app/ecne/ecne/vendor/rails/actionpack/lib/action_controller/session/cookie_store.rb:93:in `call'
    /usr/local/app/ecne/ecne/vendor/rails/actionpack/lib/action_controller/failsafe.rb:26:in `call'
    /usr/lib/ruby/gems/1.8/gems/rack-1.0.1/lib/rack/lock.rb:11:in `call'
    /usr/lib/ruby/gems/1.8/gems/rack-1.0.1/lib/rack/lock.rb:11:in `synchronize'
    /usr/lib/ruby/gems/1.8/gems/rack-1.0.1/lib/rack/lock.rb:11:in `call'
    /usr/local/app/ecne/ecne/vendor/rails/actionpack/lib/action_controller/dispatcher.rb:114:in `call'
    /usr/local/app/ecne/ecne/vendor/rails/actionpack/lib/action_controller/reloader.rb:34:in `run'
    /usr/local/app/ecne/ecne/vendor/rails/actionpack/lib/action_controller/dispatcher.rb:108:in `call'
    /usr/local/app/ecne/ecne/vendor/rails/railties/lib/rails/rack/static.rb:31:in `call'
    /usr/lib/ruby/gems/1.8/gems/rack-1.0.1/lib/rack/urlmap.rb:46:in `call'
    /usr/lib/ruby/gems/1.8/gems/rack-1.0.1/lib/rack/urlmap.rb:40:in `each'
    /usr/lib/ruby/gems/1.8/gems/rack-1.0.1/lib/rack/urlmap.rb:40:in `call'
    /usr/local/app/ecne/ecne/vendor/rails/railties/lib/rails/rack/log_tailer.rb:17:in `call'
    /usr/lib/ruby/gems/1.8/gems/rack-1.0.1/lib/rack/content_length.rb:13:in `call'
    /usr/lib/ruby/gems/1.8/gems/rack-1.0.1/lib/rack/handler/webrick.rb:50:in `service'
    /usr/lib/ruby/1.8/webrick/httpserver.rb:104:in `service'
    /usr/lib/ruby/1.8/webrick/httpserver.rb:65:in `run'
    /usr/lib/ruby/1.8/webrick/server.rb:173:in `start_thread'
    /usr/lib/ruby/1.8/webrick/server.rb:162:in `start'
    /usr/lib/ruby/1.8/webrick/server.rb:162:in `start_thread'
    /usr/lib/ruby/1.8/webrick/server.rb:95:in `start'
    /usr/lib/ruby/1.8/webrick/server.rb:92:in `each'
    /usr/lib/ruby/1.8/webrick/server.rb:92:in `start'
    /usr/lib/ruby/1.8/webrick/server.rb:23:in `start'
    /usr/lib/ruby/1.8/webrick/server.rb:82:in `start'
    /usr/lib/ruby/gems/1.8/gems/rack-1.0.1/lib/rack/handler/webrick.rb:14:in `run'
    /usr/local/app/ecne/ecne/vendor/rails/railties/lib/commands/server.rb:111
    /usr/lib/ruby/site_ruby/1.8/rubygems/custom_require.rb:31:in `gem_original_require'
    /usr/lib/ruby/site_ruby/1.8/rubygems/custom_require.rb:31:in `require'
    script/server:3
  [4;36;1mSQL (23.9ms)[0m   [0;1mSET SQL_AUTO_IS_NULL=0[0m
  [4;35;1mSQL (43.9ms)[0m   [0mSHOW TABLES[0m
  [4;36;1mSQL (19.9ms)[0m   [0;1mCREATE TABLE `schema_migrations` (`version` varchar(255) NOT NULL) ENGINE=InnoDB[0m
  [4;35;1mSQL (26.2ms)[0m   [0mCREATE UNIQUE INDEX `unique_schema_migrations` ON `schema_migrations` (`version`)[0m
  [4;36;1mSQL (0.5ms)[0m   [0;1mSHOW TABLES[0m
  [4;35;1mSQL (0.2ms)[0m   [0mSELECT version FROM schema_migrations[0m
Migrating to CreatePasswords (1)
  [4;36;1mSQL (2.5ms)[0m   [0;1mCREATE TABLE `passwords` (`id` int(11) DEFAULT NULL auto_increment PRIMARY KEY, `name` varchar(255), `active` tinyint(1)) ENGINE=InnoDB[0m
  [4;35;1mSQL (0.3ms)[0m   [0mINSERT INTO schema_migrations (version) VALUES ('1')[0m
Migrating to CreatePasswordEntries (2)
  [4;36;1mSQL (13.2ms)[0m   [0;1mCREATE TABLE `password_entries` (`id` int(11) DEFAULT NULL auto_increment PRIMARY KEY, `password_id` int(11), `value` text, `cdate` datetime, `cwho` varchar(255)) ENGINE=InnoDB[0m
  [4;35;1mSQL (0.4ms)[0m   [0mINSERT INTO schema_migrations (version) VALUES ('2')[0m
Migrating to AddTagSupport (3)
  [4;36;1mSQL (2.2ms)[0m   [0;1mCREATE TABLE `tags` (`id` int(11) DEFAULT NULL auto_increment PRIMARY KEY, `name` varchar(255)) ENGINE=InnoDB[0m
  [4;35;1mSQL (2.6ms)[0m   [0mCREATE TABLE `taggings` (`id` int(11) DEFAULT NULL auto_increment PRIMARY KEY, `tag_id` int(11), `taggable_id` int(11), `taggable_type` int(11)) ENGINE=InnoDB[0m
  [4;36;1mSQL (16.5ms)[0m   [0;1mCREATE INDEX `index_tags_on_name` ON `tags` (`name`)[0m
  [4;35;1mSQL (3.8ms)[0m   [0mCREATE INDEX `index_taggings_on_tag_id_and_taggable_id_and_taggable_type` ON `taggings` (`tag_id`, `taggable_id`, `taggable_type`)[0m
  [4;36;1mSQL (0.3ms)[0m   [0;1mINSERT INTO schema_migrations (version) VALUES ('3')[0m
Migrating to CreateUsers (4)
  [4;35;1mSQL (0.2ms)[0m   [0mSHOW TABLES[0m
  [4;36;1mSQL (3.4ms)[0m   [0;1mCREATE TABLE `users` (`id` int(11) DEFAULT NULL auto_increment PRIMARY KEY, `login` varchar(255), `email` varchar(255), `crypted_password` varchar(40), `salt` varchar(40), `created_at` datetime, `updated_at` datetime, `remember_token` varchar(255), `remember_token_expires_at` datetime) ENGINE=InnoDB[0m
  [4;35;1mSQL (0.4ms)[0m   [0mINSERT INTO schema_migrations (version) VALUES ('4')[0m
Migrating to CreateCategories (5)
  [4;36;1mSQL (1.9ms)[0m   [0;1mCREATE TABLE `categories` (`id` int(11) DEFAULT NULL auto_increment PRIMARY KEY, `name` varchar(255), `context_description` varchar(255)) ENGINE=InnoDB[0m
  [4;35;1mSQL (0.3ms)[0m   [0mINSERT INTO schema_migrations (version) VALUES ('5')[0m
Migrating to AddPasswordCategory (6)
  [4;36;1mSQL (4.0ms)[0m   [0;1mALTER TABLE `passwords` ADD `category_id` int(11)[0m
  [4;35;1mSQL (0.3ms)[0m   [0mINSERT INTO schema_migrations (version) VALUES ('6')[0m
Migrating to ChangePasswordName (7)
  [4;36;1mSQL (14.0ms)[0m   [0;1mSHOW FIELDS FROM `passwords`[0m
  [4;35;1mSQL (0.4ms)[0m   [0mSHOW COLUMNS FROM `passwords` LIKE 'name'[0m
  [4;36;1mSQL (14.5ms)[0m   [0;1mALTER TABLE `passwords` CHANGE `name` `accountname` varchar(255) DEFAULT NULL[0m
  [4;35;1mSQL (3.6ms)[0m   [0mALTER TABLE `passwords` ADD `contextname` varchar(255)[0m
  [4;36;1mSQL (0.3ms)[0m   [0;1mINSERT INTO schema_migrations (version) VALUES ('7')[0m
Migrating to AddCommonTag (8)
  [4;35;1mSQL (3.6ms)[0m   [0mALTER TABLE `tags` ADD `common` tinyint(1) DEFAULT 0[0m
  [4;36;1mTag Load (0.2ms)[0m   [0;1mSELECT * FROM `tags` [0m
  [4;35;1mSQL (0.3ms)[0m   [0mINSERT INTO schema_migrations (version) VALUES ('8')[0m
Migrating to AddMyTags (9)
  [4;36;1mSQL (2.0ms)[0m   [0;1mCREATE TABLE `my_tags` (`id` int(11) DEFAULT NULL auto_increment PRIMARY KEY, `user_id` int(11), `tag_id` int(11)) ENGINE=InnoDB[0m
  [4;35;1mSQL (0.3ms)[0m   [0mINSERT INTO schema_migrations (version) VALUES ('9')[0m
  [4;36;1mSQL (0.2ms)[0m   [0;1mSHOW TABLES[0m
  [4;35;1mSQL (0.1ms)[0m   [0mSELECT version FROM schema_migrations[0m
  [4;36;1mSQL (0.2ms)[0m   [0;1mSHOW TABLES[0m
  [4;35;1mSQL (0.4ms)[0m   [0mSHOW FIELDS FROM `categories`[0m
  [4;36;1mSQL (0.3ms)[0m   [0;1mdescribe `categories`[0m
  [4;35;1mSQL (0.2ms)[0m   [0mSHOW KEYS FROM `categories`[0m
  [4;36;1mSQL (0.3ms)[0m   [0;1mSHOW FIELDS FROM `my_tags`[0m
  [4;35;1mSQL (0.3ms)[0m   [0mdescribe `my_tags`[0m
  [4;36;1mSQL (0.2ms)[0m   [0;1mSHOW KEYS FROM `my_tags`[0m
  [4;35;1mSQL (0.4ms)[0m   [0mSHOW FIELDS FROM `password_entries`[0m
  [4;36;1mSQL (0.4ms)[0m   [0;1mdescribe `password_entries`[0m
  [4;35;1mSQL (0.2ms)[0m   [0mSHOW KEYS FROM `password_entries`[0m
  [4;36;1mSQL (0.4ms)[0m   [0;1mSHOW FIELDS FROM `passwords`[0m
  [4;35;1mSQL (0.4ms)[0m   [0mdescribe `passwords`[0m
  [4;36;1mSQL (0.2ms)[0m   [0;1mSHOW KEYS FROM `passwords`[0m
  [4;35;1mSQL (0.4ms)[0m   [0mSHOW FIELDS FROM `taggings`[0m
  [4;36;1mSQL (0.3ms)[0m   [0;1mdescribe `taggings`[0m
  [4;35;1mSQL (0.2ms)[0m   [0mSHOW KEYS FROM `taggings`[0m
  [4;36;1mSQL (0.3ms)[0m   [0;1mSHOW FIELDS FROM `tags`[0m
  [4;35;1mSQL (0.3ms)[0m   [0mdescribe `tags`[0m
  [4;36;1mSQL (0.2ms)[0m   [0;1mSHOW KEYS FROM `tags`[0m
  [4;35;1mSQL (0.6ms)[0m   [0mSHOW FIELDS FROM `users`[0m
  [4;36;1mSQL (0.5ms)[0m   [0;1mdescribe `users`[0m
  [4;35;1mSQL (0.3ms)[0m   [0mSHOW KEYS FROM `users`[0m
  [4;36;1mSQL (0.1ms)[0m   [0;1mSET SQL_AUTO_IS_NULL=0[0m
DEPRECATION WARNING: Disabling sessions for a single controller has been deprecated. Sessions are now lazy loaded. So if you don't access them, consider them off. You can still modify the session cookie options with request.session_options.. (called from /usr/local/app/ecne/ecne/app/controllers/application_controller.rb:8)


Processing ApplicationController#index (for 192.168.196.1 at 2010-05-08 00:32:26) [GET]

ActionController::RoutingError (No route matches "/ecene/" with {:method=>:get}):
  /usr/lib/ruby/1.8/webrick/httpserver.rb:104:in `service'
  /usr/lib/ruby/1.8/webrick/httpserver.rb:65:in `run'
  /usr/lib/ruby/1.8/webrick/server.rb:173:in `start_thread'
  /usr/lib/ruby/1.8/webrick/server.rb:162:in `start'
  /usr/lib/ruby/1.8/webrick/server.rb:162:in `start_thread'
  /usr/lib/ruby/1.8/webrick/server.rb:95:in `start'
  /usr/lib/ruby/1.8/webrick/server.rb:92:in `each'
  /usr/lib/ruby/1.8/webrick/server.rb:92:in `start'
  /usr/lib/ruby/1.8/webrick/server.rb:23:in `start'
  /usr/lib/ruby/1.8/webrick/server.rb:82:in `start'

Rendering rescues/layout (not_found)
  [4;35;1mSQL (0.1ms)[0m   [0mSET SQL_AUTO_IS_NULL=0[0m
DEPRECATION WARNING: Disabling sessions for a single controller has been deprecated. Sessions are now lazy loaded. So if you don't access them, consider them off. You can still modify the session cookie options with request.session_options.. (called from /usr/local/app/ecne/ecne/app/controllers/application_controller.rb:8)


Processing PwController#index (for 192.168.196.1 at 2010-05-08 00:32:29) [GET]
  Parameters: {"action"=>"index", "controller"=>"pw"}
Redirected to http://192.168.196.132/account/login
Filter chain halted as [:login_required] rendered_or_redirected.
Completed in 7ms (DB: 0) | 302 Found [http://192.168.196.132/]
  [4;36;1mSQL (0.1ms)[0m   [0;1mSET SQL_AUTO_IS_NULL=0[0m
DEPRECATION WARNING: Disabling sessions for a single controller has been deprecated. Sessions are now lazy loaded. So if you don't access them, consider them off. You can still modify the session cookie options with request.session_options.. (called from /usr/local/app/ecne/ecne/app/controllers/application_controller.rb:8)


Processing AccountController#login (for 192.168.196.1 at 2010-05-08 00:32:29) [GET]
  Parameters: {"action"=>"login", "controller"=>"account"}
Rendering account/login
Completed in 22ms (View: 20, DB: 0) | 200 OK [http://192.168.196.132/account/login]
  [4;35;1mSQL (0.1ms)[0m   [0mSET SQL_AUTO_IS_NULL=0[0m
DEPRECATION WARNING: Disabling sessions for a single controller has been deprecated. Sessions are now lazy loaded. So if you don't access them, consider them off. You can still modify the session cookie options with request.session_options.. (called from /usr/local/app/ecne/ecne/app/controllers/application_controller.rb:8)


Processing AccountController#login (for 192.168.196.1 at 2010-05-08 00:32:43) [POST]
  Parameters: {"commit"=>"Log in", "action"=>"login", "controller"=>"account", "login"=>"iallison", "password"=>"[FILTERED]"}
  [4;36;1mUser Columns (0.6ms)[0m   [0;1mSHOW FIELDS FROM `users`[0m
  [4;35;1mUser Load (33.3ms)[0m   [0mSELECT * FROM `users` WHERE (`users`.`login` = 'iallison') LIMIT 1[0m
Rendering account/login
Completed in 111ms (View: 3, DB: 34) | 200 OK [http://192.168.196.132/account/login]
  [4;36;1mSQL (0.1ms)[0m   [0;1mSET SQL_AUTO_IS_NULL=0[0m
DEPRECATION WARNING: Disabling sessions for a single controller has been deprecated. Sessions are now lazy loaded. So if you don't access them, consider them off. You can still modify the session cookie options with request.session_options.. (called from /usr/local/app/ecne/ecne/app/controllers/application_controller.rb:8)


Processing ApplicationController#index (for 192.168.196.1 at 2010-05-08 00:36:56) [GET]

ActionController::RoutingError (No route matches "/admin/" with {:method=>:get}):
  /usr/lib/ruby/1.8/webrick/httpserver.rb:104:in `service'
  /usr/lib/ruby/1.8/webrick/httpserver.rb:65:in `run'
  /usr/lib/ruby/1.8/webrick/server.rb:173:in `start_thread'
  /usr/lib/ruby/1.8/webrick/server.rb:162:in `start'
  /usr/lib/ruby/1.8/webrick/server.rb:162:in `start_thread'
  /usr/lib/ruby/1.8/webrick/server.rb:95:in `start'
  /usr/lib/ruby/1.8/webrick/server.rb:92:in `each'
  /usr/lib/ruby/1.8/webrick/server.rb:92:in `start'
  /usr/lib/ruby/1.8/webrick/server.rb:23:in `start'
  /usr/lib/ruby/1.8/webrick/server.rb:82:in `start'

Rendering rescues/layout (not_found)
  [4;35;1mSQL (0.1ms)[0m   [0mSET SQL_AUTO_IS_NULL=0[0m
DEPRECATION WARNING: Disabling sessions for a single controller has been deprecated. Sessions are now lazy loaded. So if you don't access them, consider them off. You can still modify the session cookie options with request.session_options.. (called from /usr/local/app/ecne/ecne/app/controllers/application_controller.rb:8)


Processing PwController#index (for 192.168.196.1 at 2010-05-08 00:37:00) [GET]
  Parameters: {"action"=>"index", "controller"=>"pw"}
Redirected to http://192.168.196.132/account/login
Filter chain halted as [:login_required] rendered_or_redirected.
Completed in 1ms (DB: 0) | 302 Found [http://192.168.196.132/]
  [4;36;1mSQL (0.1ms)[0m   [0;1mSET SQL_AUTO_IS_NULL=0[0m
DEPRECATION WARNING: Disabling sessions for a single controller has been deprecated. Sessions are now lazy loaded. So if you don't access them, consider them off. You can still modify the session cookie options with request.session_options.. (called from /usr/local/app/ecne/ecne/app/controllers/application_controller.rb:8)


Processing AccountController#login (for 192.168.196.1 at 2010-05-08 00:37:00) [GET]
  Parameters: {"action"=>"login", "controller"=>"account"}
Rendering account/login
Completed in 5ms (View: 3, DB: 0) | 200 OK [http://192.168.196.132/account/login]
